<?xml version="1.0" encoding="UTF-8"?>
<!-- Generated by org.testng.reporters.JUnitReportReporter -->
<testsuite skipped="0" hostname="LAPTOP-07C3PUN0" name="testCases.VideoGameAPITest" tests="1" failures="0" timestamp="14 Oct 2022 07:10:33 GMT" time="2.264" errors="0">
  <testcase name="test_testVideoGamge" time="2.264" classname="testCases.VideoGameAPITest"/>
</testsuite> <!-- testCases.VideoGameAPITest -->
